0 info it worked if it ends with ok
1 verbose cli [ 'C:\\Program Files (x86)\\nodejs\\node.exe',
1 verbose cli   'C:\\Program Files (x86)\\nodejs\\node_modules\\npm\\bin\\npm-cli.js',
1 verbose cli   'run',
1 verbose cli   'lint' ]
2 info using npm@3.8.3
3 info using node@v5.10.0
4 verbose run-script [ 'prelint', 'lint', 'postlint' ]
5 info lifecycle @blinkmobile/bic-jqm@4.3.0~prelint: @blinkmobile/bic-jqm@4.3.0
6 silly lifecycle @blinkmobile/bic-jqm@4.3.0~prelint: no script for prelint, continuing
7 info lifecycle @blinkmobile/bic-jqm@4.3.0~lint: @blinkmobile/bic-jqm@4.3.0
8 verbose lifecycle @blinkmobile/bic-jqm@4.3.0~lint: unsafe-perm in lifecycle true
9 verbose lifecycle @blinkmobile/bic-jqm@4.3.0~lint: PATH: C:\Program Files (x86)\nodejs\node_modules\npm\bin\node-gyp-bin;C:\src\bic-jqm\node_modules\.bin;C:\Program Files (x86)\nodejs;C:\ProgramData\Oracle\Java\javapath;C:\Program Files (x86)\Intel\iCLS Client\;C:\Program Files\Intel\iCLS Client\;C:\windows\system32;C:\windows;C:\windows\System32\Wbem;C:\windows\System32\WindowsPowerShell\v1.0\;C:\Program Files\Intel\Intel(R) Management Engine Components\DAL;C:\Program Files (x86)\Intel\Intel(R) Management Engine Components\DAL;C:\Program Files\Intel\Intel(R) Management Engine Components\IPT;C:\Program Files (x86)\Intel\Intel(R) Management Engine Components\IPT;C:\ProgramData\Lenovo\ReadyApps;C:\ProgramData\chocolatey\bin;C:\Users\simondobie\AppData\Roaming\npm;C:\Program Files\Intel\WiFi\bin\;C:\Program Files\Common Files\Intel\WirelessCommon\;C:\Program Files\Microsoft SQL Server\120\Tools\Binn\;C:\WINDOWS\system32;C:\WINDOWS;C:\WINDOWS\System32\Wbem;C:\WINDOWS\System32\WindowsPowerShell\v1.0\;C:\MinGW\msys\1.0\bin;%USERPROFILE%\.dnx\bin;C:\Program Files\Microsoft DNX\Dnvm\;C:\wamp\bin\php\php5.5.12;C:\ProgramData\ComposerSetup\bin;C:\Program Files\packer\;C:\Program Files\Oracle\VirtualBox\;C:\Program Files (x86)\Windows Kits\10\Windows Performance Toolkit\;C:\cygwin64\bin\;C:\Program Files\Git\cmd;C:\Program Files\Amazon\AWSCLI\;C:\HashiCorp\Vagrant\bin;C:\Program Files (x86)\nodejs\;C:\Users\simondobie\AppData\Roaming\npm\node_modules\eslint;C:\Users\simondobie\AppData\Roaming\npm\node_modules\browserify;C:\Program Files (x86)\Microsoft VS Code\bin;C:\Program Files\Docker Toolbox;C:\Program Files\Redis
10 verbose lifecycle @blinkmobile/bic-jqm@4.3.0~lint: CWD: C:\src\bic-jqm
11 silly lifecycle @blinkmobile/bic-jqm@4.3.0~lint: Args: [ '/d /s /c', 'eslint --fix --cache .' ]
12 silly lifecycle @blinkmobile/bic-jqm@4.3.0~lint: Returned: code: 1  signal: null
13 info lifecycle @blinkmobile/bic-jqm@4.3.0~lint: Failed to exec lint script
14 verbose stack Error: @blinkmobile/bic-jqm@4.3.0 lint: `eslint --fix --cache .`
14 verbose stack Exit status 1
14 verbose stack     at EventEmitter.<anonymous> (C:\Program Files (x86)\nodejs\node_modules\npm\lib\utils\lifecycle.js:239:16)
14 verbose stack     at emitTwo (events.js:100:13)
14 verbose stack     at EventEmitter.emit (events.js:185:7)
14 verbose stack     at ChildProcess.<anonymous> (C:\Program Files (x86)\nodejs\node_modules\npm\lib\utils\spawn.js:24:14)
14 verbose stack     at emitTwo (events.js:100:13)
14 verbose stack     at ChildProcess.emit (events.js:185:7)
14 verbose stack     at maybeClose (internal/child_process.js:850:16)
14 verbose stack     at Process.ChildProcess._handle.onexit (internal/child_process.js:215:5)
15 verbose pkgid @blinkmobile/bic-jqm@4.3.0
16 verbose cwd C:\src\bic-jqm
17 error Windows_NT 10.0.10586
18 error argv "C:\\Program Files (x86)\\nodejs\\node.exe" "C:\\Program Files (x86)\\nodejs\\node_modules\\npm\\bin\\npm-cli.js" "run" "lint"
19 error node v5.10.0
20 error npm  v3.8.3
21 error code ELIFECYCLE
22 error @blinkmobile/bic-jqm@4.3.0 lint: `eslint --fix --cache .`
22 error Exit status 1
23 error Failed at the @blinkmobile/bic-jqm@4.3.0 lint script 'eslint --fix --cache .'.
23 error Make sure you have the latest version of node.js and npm installed.
23 error If you do, this is most likely a problem with the @blinkmobile/bic-jqm package,
23 error not with npm itself.
23 error Tell the author that this fails on your system:
23 error     eslint --fix --cache .
23 error You can get information on how to open an issue for this project with:
23 error     npm bugs @blinkmobile/bic-jqm
23 error Or if that isn't available, you can get their info via:
23 error     npm owner ls @blinkmobile/bic-jqm
23 error There is likely additional logging output above.
24 verbose exit [ 1, true ]
